INFO [2021-06-30 22:04:16] $x
INFO [2021-06-30 22:04:16] list(COVID = (1:nrow(df))[COVID], CTRL = (1:nrow(df))[CTRL], 
INFO [2021-06-30 22:04:16]     S = (1:nrow(df))[S])
INFO [2021-06-30 22:04:16] 
INFO [2021-06-30 22:04:16] $filename
INFO [2021-06-30 22:04:16] NULL
INFO [2021-06-30 22:04:16] 
INFO [2021-06-30 22:04:16] $output
INFO [2021-06-30 22:04:16] F
INFO [2021-06-30 22:04:16] 
INFO [2021-06-30 22:04:16] $height
INFO [2021-06-30 22:04:16] [1] 1200
INFO [2021-06-30 22:04:16] 
INFO [2021-06-30 22:04:16] $width
INFO [2021-06-30 22:04:16] [1] 1200
INFO [2021-06-30 22:04:16] 
INFO [2021-06-30 22:04:16] $resolution
INFO [2021-06-30 22:04:16] [1] 30
INFO [2021-06-30 22:04:16] 
INFO [2021-06-30 22:04:16] $compression
INFO [2021-06-30 22:04:16] [1] "lzw"
INFO [2021-06-30 22:04:16] 
INFO [2021-06-30 22:04:16] $lwd
INFO [2021-06-30 22:04:16] [1] 1
INFO [2021-06-30 22:04:16] 
INFO [2021-06-30 22:04:16] $col
INFO [2021-06-30 22:04:16] c("#440154ff", "#21908dff", "#fde725ff")
INFO [2021-06-30 22:04:16] 
INFO [2021-06-30 22:04:16] $fill
INFO [2021-06-30 22:04:16] c(alpha("#440154ff", 0.3), alpha("#21908dff", 0.3), alpha("#fde725ff", 
INFO [2021-06-30 22:04:16]     0.3))
INFO [2021-06-30 22:04:16] 
INFO [2021-06-30 22:04:16] $cex
INFO [2021-06-30 22:04:16] [1] 2
INFO [2021-06-30 22:04:16] 
INFO [2021-06-30 22:04:16] $fontfamily
INFO [2021-06-30 22:04:16] [1] "sans"
INFO [2021-06-30 22:04:16] 
INFO [2021-06-30 22:04:16] $cat.cex
INFO [2021-06-30 22:04:16] [1] 2
INFO [2021-06-30 22:04:16] 
INFO [2021-06-30 22:04:16] $cat.default.pos
INFO [2021-06-30 22:04:16] [1] "outer"
INFO [2021-06-30 22:04:16] 
INFO [2021-06-30 22:04:16] $cat.pos
INFO [2021-06-30 22:04:16] c(-27, 27, 135)
INFO [2021-06-30 22:04:16] 
INFO [2021-06-30 22:04:16] $cat.dist
INFO [2021-06-30 22:04:16] c(0.055, 0.055, 0.085)
INFO [2021-06-30 22:04:16] 
INFO [2021-06-30 22:04:16] $cat.fontfamily
INFO [2021-06-30 22:04:16] [1] "sans"
INFO [2021-06-30 22:04:16] 
INFO [2021-06-30 22:04:16] $cat.col
INFO [2021-06-30 22:04:16] c("#440154ff", "#21908dff", "#fde725ff")
INFO [2021-06-30 22:04:16] 
INFO [2021-06-30 22:04:16] $rotation
INFO [2021-06-30 22:04:16] [1] 1
INFO [2021-06-30 22:04:16] 
